android/app/build/intermediates/manifest_merge_blame_file/debug/manifest-merger-blame-debug-report.txt
1<?xml version="1.0" encoding="utf-8"?>
2<manifest xmlns:android="http://schemas.android.com/apk/res/android"
3    package="com.dhartee.codistan"
4    android:versionCode="10"
5    android:versionName="1.1" >
6
7    <uses-sdk
8        android:minSdkVersion="21"
9        android:targetSdkVersion="30" />
10
11    <uses-permission android:name="android.permission.SYSTEM_ALERT_WINDOW" />
11-->src\debug\AndroidManifest.xml:5:5-77
11-->src\debug\AndroidManifest.xml:5:22-75
12    <uses-permission android:name="android.permission.INTERNET" />
12-->src\main\AndroidManifest.xml:4:5-67
12-->src\main\AndroidManifest.xml:4:22-64
13    <uses-permission android:name="android.permission.WRITE_EXTERNAL_STORAGE" />
13-->src\main\AndroidManifest.xml:5:5-80
13-->src\main\AndroidManifest.xml:5:22-78
14    <uses-permission android:name="android.permission.CAMERA" />
14-->src\main\AndroidManifest.xml:6:5-64
14-->src\main\AndroidManifest.xml:6:22-62
15    <uses-permission android:name="android.permission.ACCESS_FINE_LOCATION" />
15-->src\main\AndroidManifest.xml:7:5-79
15-->src\main\AndroidManifest.xml:7:22-76
16    <uses-permission android:name="android.permission.ACCESS_WIFI_STATE" />
16-->[com.facebook.flipper:flipper:0.75.1] AndroidManifest.xml:16:5-76
16-->[com.facebook.flipper:flipper:0.75.1] AndroidManifest.xml:16:22-73
17    <uses-permission android:name="android.permission.WAKE_LOCK" />
17-->[:react-native-firebase_auth] AndroidManifest.xml:12:5-68
17-->[:react-native-firebase_auth] AndroidManifest.xml:12:22-65
18    <uses-permission android:name="android.permission.ACCESS_NETWORK_STATE" />
18-->[:react-native-firebase_auth] AndroidManifest.xml:13:5-79
18-->[:react-native-firebase_auth] AndroidManifest.xml:13:22-76
19
20    <uses-feature
20-->[com.mapbox.mapboxsdk:mapbox-android-sdk:9.1.0] AndroidManifest.xml:9:5-11:35
21        android:glEsVersion="0x00020000"
21-->[com.mapbox.mapboxsdk:mapbox-android-sdk:9.1.0] AndroidManifest.xml:10:9-41
22        android:required="true" />
22-->[com.mapbox.mapboxsdk:mapbox-android-sdk:9.1.0] AndroidManifest.xml:11:9-32
23    <uses-feature
23-->[com.mapbox.mapboxsdk:mapbox-android-sdk:9.1.0] AndroidManifest.xml:12:5-14:36
24        android:name="android.hardware.wifi"
24-->[com.mapbox.mapboxsdk:mapbox-android-sdk:9.1.0] AndroidManifest.xml:13:9-45
25        android:required="false" />
25-->[com.mapbox.mapboxsdk:mapbox-android-sdk:9.1.0] AndroidManifest.xml:14:9-33
26
27    <uses-permission android:name="android.permission.READ_EXTERNAL_STORAGE" />
27-->[com.github.nomi9995:VideoCompressor:715bcc16e9] AndroidManifest.xml:11:5-80
27-->[com.github.nomi9995:VideoCompressor:715bcc16e9] AndroidManifest.xml:11:22-77
28    <uses-permission android:name="com.google.android.finsky.permission.BIND_GET_INSTALL_REFERRER_SERVICE" />
28-->[com.android.installreferrer:installreferrer:1.0] AndroidManifest.xml:9:5-110
28-->[com.android.installreferrer:installreferrer:1.0] AndroidManifest.xml:9:22-107
29
30    <application
30-->src\main\AndroidManifest.xml:9:5-49:19
31        android:name="com.dhartee.codistan.MainApplication"
31-->src\main\AndroidManifest.xml:10:7-38
32        android:allowBackup="true"
32-->src\main\AndroidManifest.xml:14:7-33
33        android:appComponentFactory="androidx.core.app.CoreComponentFactory"
33-->[androidx.core:core:1.3.1] AndroidManifest.xml:24:18-86
34        android:debuggable="true"
35        android:icon="@mipmap/ic_launcher"
35-->src\main\AndroidManifest.xml:12:7-41
36        android:label="@string/app_name"
36-->src\main\AndroidManifest.xml:11:7-39
37        android:requestLegacyExternalStorage="true"
37-->src\main\AndroidManifest.xml:15:7-50
38        android:roundIcon="@mipmap/ic_launcher_round"
38-->src\main\AndroidManifest.xml:13:7-52
39        android:supportsRtl="true"
39-->[com.facebook.android:facebook-android-sdk:5.15.3] AndroidManifest.xml:28:18-44
40        android:theme="@style/AppTheme"
40-->src\main\AndroidManifest.xml:16:7-38
41        android:usesCleartextTraffic="true" >
41-->src\debug\AndroidManifest.xml:8:9-44
42        <activity android:name="com.facebook.react.devsupport.DevSettingsActivity" />
42-->src\debug\AndroidManifest.xml:11:9-86
42-->src\debug\AndroidManifest.xml:11:19-83
43        <activity
43-->src\main\AndroidManifest.xml:17:7-29:18
44            android:name="com.dhartee.codistan.MainActivity"
44-->src\main\AndroidManifest.xml:18:9-37
45            android:configChanges="keyboard|keyboardHidden|orientation|screenSize|uiMode"
45-->src\main\AndroidManifest.xml:20:9-86
46            android:label="@string/app_name"
46-->src\main\AndroidManifest.xml:19:9-41
47            android:launchMode="singleTask"
47-->src\main\AndroidManifest.xml:21:9-40
48            android:windowSoftInputMode="adjustResize" >
48-->src\main\AndroidManifest.xml:23:9-51
49            <intent-filter>
49-->src\main\AndroidManifest.xml:24:9-28:25
50                <action android:name="android.intent.action.MAIN" />
50-->src\main\AndroidManifest.xml:25:13-65
50-->src\main\AndroidManifest.xml:25:21-62
51
52                <category android:name="android.intent.category.LAUNCHER" />
52-->src\main\AndroidManifest.xml:26:13-73
52-->src\main\AndroidManifest.xml:26:23-70
53            </intent-filter>
54        </activity>
55
56        <meta-data
56-->src\main\AndroidManifest.xml:30:7-31:44
57            android:name="com.facebook.sdk.ApplicationId"
57-->src\main\AndroidManifest.xml:30:18-63
58            android:value="@string/fb_app_id" />
58-->src\main\AndroidManifest.xml:31:9-42
59
60        <activity
60-->src\main\AndroidManifest.xml:33:5-36:44
61            android:name="com.facebook.FacebookActivity"
61-->src\main\AndroidManifest.xml:33:15-59
62            android:configChanges="keyboard|keyboardHidden|screenLayout|screenSize|orientation"
62-->src\main\AndroidManifest.xml:34:9-110
63            android:label="@string/app_name"
63-->src\main\AndroidManifest.xml:36:9-41
64            android:theme="@style/com_facebook_activity_theme" />
64-->[com.facebook.android:facebook-common:5.15.3] AndroidManifest.xml:33:13-63
65        <activity
65-->src\main\AndroidManifest.xml:37:5-46:16
66            android:name="com.facebook.CustomTabActivity"
66-->src\main\AndroidManifest.xml:38:9-54
67            android:exported="true" >
67-->src\main\AndroidManifest.xml:39:9-32
68            <intent-filter>
68-->src\main\AndroidManifest.xml:40:9-45:25
69                <action android:name="android.intent.action.VIEW" />
69-->src\main\AndroidManifest.xml:41:13-65
69-->src\main\AndroidManifest.xml:41:21-62
70
71                <category android:name="android.intent.category.DEFAULT" />
71-->src\main\AndroidManifest.xml:42:13-72
71-->src\main\AndroidManifest.xml:42:23-69
72                <category android:name="android.intent.category.BROWSABLE" />
72-->src\main\AndroidManifest.xml:43:13-74
72-->src\main\AndroidManifest.xml:43:23-71
73
74                <data android:scheme="@string/fb_login_protocol_scheme" />
74-->src\main\AndroidManifest.xml:44:13-71
74-->src\main\AndroidManifest.xml:44:19-68
75            </intent-filter>
76            <intent-filter>
76-->[com.facebook.android:facebook-common:5.15.3] AndroidManifest.xml:39:13-48:29
77                <action android:name="android.intent.action.VIEW" />
77-->src\main\AndroidManifest.xml:41:13-65
77-->src\main\AndroidManifest.xml:41:21-62
78
79                <category android:name="android.intent.category.DEFAULT" />
79-->src\main\AndroidManifest.xml:42:13-72
79-->src\main\AndroidManifest.xml:42:23-69
80                <category android:name="android.intent.category.BROWSABLE" />
80-->src\main\AndroidManifest.xml:43:13-74
80-->src\main\AndroidManifest.xml:43:23-71
81
82                <data
82-->src\main\AndroidManifest.xml:44:13-71
83                    android:host="cct.com.dhartee.codistan"
84                    android:scheme="fbconnect" />
84-->src\main\AndroidManifest.xml:44:19-68
85            </intent-filter>
86        </activity>
87        <activity android:name="com.ahmedadeltito.photoeditor.PhotoEditorActivity" />
87-->src\main\AndroidManifest.xml:47:5-82
87-->src\main\AndroidManifest.xml:47:15-79
88        <activity android:name="com.yalantis.ucrop.UCropActivity" />
88-->src\main\AndroidManifest.xml:48:7-67
88-->src\main\AndroidManifest.xml:48:17-64
89
90        <provider
90-->[:react-native-image-picker] AndroidManifest.xml:12:9-20:20
91            android:name="com.imagepicker.ImagePickerProvider"
91-->[:react-native-image-picker] AndroidManifest.xml:13:13-63
92            android:authorities="com.dhartee.codistan.imagepickerprovider"
92-->[:react-native-image-picker] AndroidManifest.xml:14:13-71
93            android:exported="false"
93-->[:react-native-image-picker] AndroidManifest.xml:15:13-37
94            android:grantUriPermissions="true" >
94-->[:react-native-image-picker] AndroidManifest.xml:16:13-47
95            <meta-data
95-->[:react-native-image-picker] AndroidManifest.xml:17:13-19:70
96                android:name="android.support.FILE_PROVIDER_PATHS"
96-->[:react-native-image-picker] AndroidManifest.xml:18:17-67
97                android:resource="@xml/imagepicker_provider_paths" />
97-->[:react-native-image-picker] AndroidManifest.xml:19:17-67
98        </provider>
99
100        <activity android:name="com.facebook.CustomTabMainActivity" />
100-->[com.facebook.android:facebook-common:5.15.3] AndroidManifest.xml:34:9-71
100-->[com.facebook.android:facebook-common:5.15.3] AndroidManifest.xml:34:19-68
101        <activity
101-->[com.google.firebase:firebase-auth:21.0.1] AndroidManifest.xml:27:9-44:20
102            android:name="com.google.firebase.auth.internal.GenericIdpActivity"
102-->[com.google.firebase:firebase-auth:21.0.1] AndroidManifest.xml:28:13-80
103            android:excludeFromRecents="true"
103-->[com.google.firebase:firebase-auth:21.0.1] AndroidManifest.xml:29:13-46
104            android:exported="true"
104-->[com.google.firebase:firebase-auth:21.0.1] AndroidManifest.xml:30:13-36
105            android:launchMode="singleTask"
105-->[com.google.firebase:firebase-auth:21.0.1] AndroidManifest.xml:31:13-44
106            android:theme="@android:style/Theme.Translucent.NoTitleBar" >
106-->[com.google.firebase:firebase-auth:21.0.1] AndroidManifest.xml:32:13-72
107            <intent-filter>
107-->[com.google.firebase:firebase-auth:21.0.1] AndroidManifest.xml:33:13-43:29
108                <action android:name="android.intent.action.VIEW" />
108-->src\main\AndroidManifest.xml:41:13-65
108-->src\main\AndroidManifest.xml:41:21-62
109
110                <category android:name="android.intent.category.DEFAULT" />
110-->src\main\AndroidManifest.xml:42:13-72
110-->src\main\AndroidManifest.xml:42:23-69
111                <category android:name="android.intent.category.BROWSABLE" />
111-->src\main\AndroidManifest.xml:43:13-74
111-->src\main\AndroidManifest.xml:43:23-71
112
113                <data
113-->src\main\AndroidManifest.xml:44:13-71
114                    android:host="firebase.auth"
115                    android:path="/"
116                    android:scheme="genericidp" />
116-->src\main\AndroidManifest.xml:44:19-68
117            </intent-filter>
118        </activity>
119        <activity
119-->[com.google.firebase:firebase-auth:21.0.1] AndroidManifest.xml:45:9-62:20
120            android:name="com.google.firebase.auth.internal.RecaptchaActivity"
120-->[com.google.firebase:firebase-auth:21.0.1] AndroidManifest.xml:46:13-79
121            android:excludeFromRecents="true"
121-->[com.google.firebase:firebase-auth:21.0.1] AndroidManifest.xml:47:13-46
122            android:exported="true"
122-->[com.google.firebase:firebase-auth:21.0.1] AndroidManifest.xml:48:13-36
123            android:launchMode="singleTask"
123-->[com.google.firebase:firebase-auth:21.0.1] AndroidManifest.xml:49:13-44
124            android:theme="@android:style/Theme.Translucent.NoTitleBar" >
124-->[com.google.firebase:firebase-auth:21.0.1] AndroidManifest.xml:50:13-72
125            <intent-filter>
125-->[com.google.firebase:firebase-auth:21.0.1] AndroidManifest.xml:51:13-61:29
126                <action android:name="android.intent.action.VIEW" />
126-->src\main\AndroidManifest.xml:41:13-65
126-->src\main\AndroidManifest.xml:41:21-62
127
128                <category android:name="android.intent.category.DEFAULT" />
128-->src\main\AndroidManifest.xml:42:13-72
128-->src\main\AndroidManifest.xml:42:23-69
129                <category android:name="android.intent.category.BROWSABLE" />
129-->src\main\AndroidManifest.xml:43:13-74
129-->src\main\AndroidManifest.xml:43:23-71
130
131                <data
131-->src\main\AndroidManifest.xml:44:13-71
132                    android:host="firebase.auth"
133                    android:path="/"
134                    android:scheme="recaptcha" />
134-->src\main\AndroidManifest.xml:44:19-68
135            </intent-filter>
136        </activity>
137
138        <service
138-->[com.google.firebase:firebase-auth:21.0.1] AndroidManifest.xml:64:9-73:19
139            android:name="com.google.firebase.auth.api.fallback.service.FirebaseAuthFallbackService"
139-->[com.google.firebase:firebase-auth:21.0.1] AndroidManifest.xml:65:13-101
140            android:enabled="true"
140-->[com.google.firebase:firebase-auth:21.0.1] AndroidManifest.xml:66:13-35
141            android:exported="false" >
141-->[com.google.firebase:firebase-auth:21.0.1] AndroidManifest.xml:67:13-37
142            <intent-filter>
142-->[com.google.firebase:firebase-auth:21.0.1] AndroidManifest.xml:68:13-72:29
143                <action android:name="com.google.firebase.auth.api.gms.service.START" />
143-->[com.google.firebase:firebase-auth:21.0.1] AndroidManifest.xml:69:17-89
143-->[com.google.firebase:firebase-auth:21.0.1] AndroidManifest.xml:69:25-86
144
145                <category android:name="android.intent.category.DEFAULT" />
145-->src\main\AndroidManifest.xml:42:13-72
145-->src\main\AndroidManifest.xml:42:23-69
146            </intent-filter>
147        </service>
148        <service
148-->[com.google.firebase:firebase-auth:21.0.1] AndroidManifest.xml:74:9-80:19
149            android:name="com.google.firebase.components.ComponentDiscoveryService"
149-->[com.google.firebase:firebase-auth:21.0.1] AndroidManifest.xml:75:13-84
150            android:directBootAware="true"
150-->[com.google.firebase:firebase-common:20.0.0] AndroidManifest.xml:35:13-43
151            android:exported="false" >
151-->[com.google.firebase:firebase-auth:21.0.1] AndroidManifest.xml:76:13-37
152            <meta-data
152-->[com.google.firebase:firebase-auth:21.0.1] AndroidManifest.xml:77:13-79:85
153                android:name="com.google.firebase.components:com.google.firebase.auth.FirebaseAuthRegistrar"
153-->[com.google.firebase:firebase-auth:21.0.1] AndroidManifest.xml:78:17-109
154                android:value="com.google.firebase.components.ComponentRegistrar" />
154-->[com.google.firebase:firebase-auth:21.0.1] AndroidManifest.xml:79:17-82
155        </service>
156        <!--
157         The initialization ContentProvider will call FacebookSdk.sdkInitialize automatically
158         with the application context. This config is merged in with the host app's manifest,
159         but there can only be one provider with the same authority activated at any given
160         point; so if the end user has two or more different apps that use Facebook SDK, only the
161         first one will be able to use the provider. To work around this problem, we use the
162         following placeholder in the authority to identify each host application as if it was
163         a completely different provider.
164        -->
165        <provider
165-->[com.facebook.android:facebook-core:5.15.3] AndroidManifest.xml:39:9-42:40
166            android:name="com.facebook.internal.FacebookInitProvider"
166-->[com.facebook.android:facebook-core:5.15.3] AndroidManifest.xml:40:13-70
167            android:authorities="com.dhartee.codistan.FacebookInitProvider"
167-->[com.facebook.android:facebook-core:5.15.3] AndroidManifest.xml:41:13-72
168            android:exported="false" />
168-->[com.facebook.android:facebook-core:5.15.3] AndroidManifest.xml:42:13-37
169
170        <receiver
170-->[com.facebook.android:facebook-core:5.15.3] AndroidManifest.xml:44:9-50:20
171            android:name="com.facebook.CurrentAccessTokenExpirationBroadcastReceiver"
171-->[com.facebook.android:facebook-core:5.15.3] AndroidManifest.xml:45:13-86
172            android:exported="false" >
172-->[com.facebook.android:facebook-core:5.15.3] AndroidManifest.xml:46:13-37
173            <intent-filter>
173-->[com.facebook.android:facebook-core:5.15.3] AndroidManifest.xml:47:13-49:29
174                <action android:name="com.facebook.sdk.ACTION_CURRENT_ACCESS_TOKEN_CHANGED" />
174-->[com.facebook.android:facebook-core:5.15.3] AndroidManifest.xml:48:17-95
174-->[com.facebook.android:facebook-core:5.15.3] AndroidManifest.xml:48:25-92
175            </intent-filter>
176        </receiver>
177
178        <provider
178-->[com.mapbox.mapboxsdk:mapbox-android-telemetry:6.1.0] AndroidManifest.xml:18:9-22:39
179            android:name="com.mapbox.android.telemetry.provider.MapboxTelemetryInitProvider"
179-->[com.mapbox.mapboxsdk:mapbox-android-telemetry:6.1.0] AndroidManifest.xml:19:13-93
180            android:authorities="com.dhartee.codistan.mapboxtelemetryinitprovider"
180-->[com.mapbox.mapboxsdk:mapbox-android-telemetry:6.1.0] AndroidManifest.xml:20:13-79
181            android:exported="false"
181-->[com.mapbox.mapboxsdk:mapbox-android-telemetry:6.1.0] AndroidManifest.xml:21:13-37
182            android:initOrder="100" />
182-->[com.mapbox.mapboxsdk:mapbox-android-telemetry:6.1.0] AndroidManifest.xml:22:13-36
183
184        <service
184-->[com.mapbox.mapboxsdk:mapbox-android-telemetry:6.1.0] AndroidManifest.xml:24:9-26:72
185            android:name="com.mapbox.android.telemetry.errors.ErrorReporterJobIntentService"
185-->[com.mapbox.mapboxsdk:mapbox-android-telemetry:6.1.0] AndroidManifest.xml:25:13-93
186            android:permission="android.permission.BIND_JOB_SERVICE" />
186-->[com.mapbox.mapboxsdk:mapbox-android-telemetry:6.1.0] AndroidManifest.xml:26:13-69
187
188        <activity
188-->[com.google.android.gms:play-services-auth:19.0.0] AndroidManifest.xml:23:9-27:75
189            android:name="com.google.android.gms.auth.api.signin.internal.SignInHubActivity"
189-->[com.google.android.gms:play-services-auth:19.0.0] AndroidManifest.xml:24:13-93
190            android:excludeFromRecents="true"
190-->[com.google.android.gms:play-services-auth:19.0.0] AndroidManifest.xml:25:13-46
191            android:exported="false"
191-->[com.google.android.gms:play-services-auth:19.0.0] AndroidManifest.xml:26:13-37
192            android:theme="@android:style/Theme.Translucent.NoTitleBar" />
192-->[com.google.android.gms:play-services-auth:19.0.0] AndroidManifest.xml:27:13-72
193        <!--
194            Service handling Google Sign-In user revocation. For apps that do not integrate with
195            Google Sign-In, this service will never be started.
196        -->
197        <service
197-->[com.google.android.gms:play-services-auth:19.0.0] AndroidManifest.xml:33:9-37:51
198            android:name="com.google.android.gms.auth.api.signin.RevocationBoundService"
198-->[com.google.android.gms:play-services-auth:19.0.0] AndroidManifest.xml:34:13-89
199            android:exported="true"
199-->[com.google.android.gms:play-services-auth:19.0.0] AndroidManifest.xml:35:13-36
200            android:permission="com.google.android.gms.auth.api.signin.permission.REVOCATION_NOTIFICATION"
200-->[com.google.android.gms:play-services-auth:19.0.0] AndroidManifest.xml:36:13-107
201            android:visibleToInstantApps="true" />
201-->[com.google.android.gms:play-services-auth:19.0.0] AndroidManifest.xml:37:13-48
202
203        <activity
203-->[com.google.android.gms:play-services-base:17.1.0] AndroidManifest.xml:23:9-26:75
204            android:name="com.google.android.gms.common.api.GoogleApiActivity"
204-->[com.google.android.gms:play-services-base:17.1.0] AndroidManifest.xml:24:13-79
205            android:exported="false"
205-->[com.google.android.gms:play-services-base:17.1.0] AndroidManifest.xml:25:13-37
206            android:theme="@android:style/Theme.Translucent.NoTitleBar" />
206-->[com.google.android.gms:play-services-base:17.1.0] AndroidManifest.xml:26:13-72
207
208        <provider
208-->[com.google.firebase:firebase-common:20.0.0] AndroidManifest.xml:26:9-31:39
209            android:name="com.google.firebase.provider.FirebaseInitProvider"
209-->[com.google.firebase:firebase-common:20.0.0] AndroidManifest.xml:27:13-77
210            android:authorities="com.dhartee.codistan.firebaseinitprovider"
210-->[com.google.firebase:firebase-common:20.0.0] AndroidManifest.xml:28:13-72
211            android:directBootAware="true"
211-->[com.google.firebase:firebase-common:20.0.0] AndroidManifest.xml:29:13-43
212            android:exported="false"
212-->[com.google.firebase:firebase-common:20.0.0] AndroidManifest.xml:30:13-37
213            android:initOrder="100" />
213-->[com.google.firebase:firebase-common:20.0.0] AndroidManifest.xml:31:13-36
214
215        <meta-data
215-->[com.google.android.gms:play-services-basement:17.1.1] AndroidManifest.xml:23:9-25:69
216            android:name="com.google.android.gms.version"
216-->[com.google.android.gms:play-services-basement:17.1.1] AndroidManifest.xml:24:13-58
217            android:value="@integer/google_play_services_version" />
217-->[com.google.android.gms:play-services-basement:17.1.1] AndroidManifest.xml:25:13-66
218    </application>
219
220</manifest>